<?xml version="1.0" encoding="UTF-8"?>
<testsuite xmlns:xsi="http://www.w3.org/2001/XMLSchema-instance" xsi:noNamespaceSchemaLocation="https://maven.apache.org/surefire/maven-surefire-plugin/xsd/surefire-test-report-3.0.xsd" version="3.0" name="com.gildedrose.GildedRoseTest" time="0.221" tests="24" errors="0" skipped="0" failures="0">
  <properties>
[...]
</properties>
  <testcase name="backstagePass_ShouldDropToZero_AfterConcert" classname="com.gildedrose.GildedRoseTest" time="0.07"/>
  <testcase name="sulfuras_ShouldNeverChange_QualityOrSellIn" classname="com.gildedrose.GildedRoseTest" time="0.004"/>
  <testcase name="backstagePass_ShouldIncreaseByOne_WhenMoreThan10Days" classname="com.gildedrose.GildedRoseTest" time="0.001"/>
  <testcase name="backstagePass_QualityShouldNeverExceed50" classname="com.gildedrose.GildedRoseTest" time="0.002"/>
  <testcase name="normalItem_WithVeryNegativeSellIn_ShouldDegradeCorrectly" classname="com.gildedrose.GildedRoseTest" time="0.004"/>
  <testcase name="normalItem_WithQualityOne_AfterSellDate_ShouldBecomeZero" classname="com.gildedrose.GildedRoseTest" time="0.001"/>
  <testcase name="badSmellyTest" classname="com.gildedrose.GildedRoseTest" time="0.003"/>
  <testcase name="backstagePass_WithVeryNegativeSellIn_ShouldBeZero" classname="com.gildedrose.GildedRoseTest" time="0.001"/>
  <testcase name="itemThatImproves_StartingAt50_ShouldStayAt50" classname="com.gildedrose.GildedRoseTest" time="0.002"/>
  <testcase name="integration_Simulate10DaysOfUpdates" classname="com.gildedrose.GildedRoseTest" time="0"/>
  <testcase name="normalItem_ShouldDecreaseQualityByTwo_AfterSellDate" classname="com.gildedrose.GildedRoseTest" time="0.001"/>
  <testcase name="normalItem_ShouldDecreaseQualityByOne_BeforeSellDate" classname="com.gildedrose.GildedRoseTest" time="0.001"/>
  <testcase name="agedBrie_ShouldIncreaseQuality_OverTime" classname="com.gildedrose.GildedRoseTest" time="0.002"/>
  <testcase name="agedBrie_ShouldIncreaseQualityByTwo_AfterSellDate" classname="com.gildedrose.GildedRoseTest" time="0.001"/>
  <testcase name="multipleItems_ShouldProcessIndependently" classname="com.gildedrose.GildedRoseTest" time="0.003"/>
  <testcase name="normalItem_QualityShouldNeverBeNegative" classname="com.gildedrose.GildedRoseTest" time="0.003"/>
  <testcase name="backstagePass_WithQuality48_5Days_ShouldBeCapped50" classname="com.gildedrose.GildedRoseTest" time="0.001"/>
  <testcase name="agedBrie_WithQuality49_AfterSellDate_ShouldBeCapped50" classname="com.gildedrose.GildedRoseTest" time="0.002"/>
  <testcase name="agedBrie_WithVeryNegativeSellIn_ShouldIncreaseByTwo" classname="com.gildedrose.GildedRoseTest" time="0.001"/>
  <testcase name="sulfuras_WithNegativeSellIn_ShouldNeverChange" classname="com.gildedrose.GildedRoseTest" time="0.002"/>
  <testcase name="itemThatDegrades_StartingAt0_ShouldStayAt0" classname="com.gildedrose.GildedRoseTest" time="0.001"/>
  <testcase name="agedBrie_QualityShouldNeverExceed50" classname="com.gildedrose.GildedRoseTest" time="0.003"/>
  <testcase name="backstagePass_ShouldIncreaseByThree_When5DaysOrLess" classname="com.gildedrose.GildedRoseTest" time="0.001"/>
  <testcase name="backstagePass_ShouldIncreaseByTwo_When10DaysOrLess" classname="com.gildedrose.GildedRoseTest" time="0.001"/>
</testsuite>